
> neuralzomeapi@0.0.0 start /home/ubuntu/neuralzomeapi
> node ./bin/www

Port 3000 is already in use
npm ERR! code ELIFECYCLE
npm ERR! errno 1
npm ERR! neuralzomeapi@0.0.0 start: `node ./bin/www`
npm ERR! Exit status 1
npm ERR! 
npm ERR! Failed at the neuralzomeapi@0.0.0 start script.
npm ERR! This is probably not a problem with npm. There is likely additional logging output above.

npm ERR! A complete log of this run can be found in:
npm ERR!     /home/ubuntu/.npm/_logs/2018-08-28T06_12_26_135Z-debug.log

> neuralzomeapi@0.0.0 start /home/ubuntu/neuralzomeapi
> node ./bin/www

(node:5176) UnhandledPromiseRejectionWarning: MongoNetworkError: failed to connect to server [localhost:27017] on first connect [MongoNetworkError: connect ECONNREFUSED 127.0.0.1:27017]
    at Pool.<anonymous> (/home/ubuntu/neuralzomeapi/node_modules/mongodb-core/lib/topologies/server.js:564:11)
    at emitOne (events.js:116:13)
    at Pool.emit (events.js:211:7)
    at Connection.<anonymous> (/home/ubuntu/neuralzomeapi/node_modules/mongodb-core/lib/connection/pool.js:316:12)
    at Object.onceWrapper (events.js:317:30)
    at emitTwo (events.js:126:13)
    at Connection.emit (events.js:214:7)
    at Socket.<anonymous> (/home/ubuntu/neuralzomeapi/node_modules/mongodb-core/lib/connection/connection.js:245:50)
    at Object.onceWrapper (events.js:315:30)
    at emitOne (events.js:116:13)
    at Socket.emit (events.js:211:7)
    at emitErrorNT (internal/streams/destroy.js:64:8)
    at _combinedTickCallback (internal/process/next_tick.js:138:11)
    at process._tickCallback (internal/process/next_tick.js:180:9)
(node:5176) UnhandledPromiseRejectionWarning: Unhandled promise rejection. This error originated either by throwing inside of an async function without a catch block, or by rejecting a promise which was not handled with .catch(). (rejection id: 1)
(node:5176) [DEP0018] DeprecationWarning: Unhandled promise rejections are deprecated. In the future, promise rejections that are not handled will terminate the Node.js process with a non-zero exit code.
error
{ Error: connect ECONNREFUSED 13.58.82.47:5000
    at Object._errnoException (util.js:992:11)
    at _exceptionWithHostPort (util.js:1014:20)
    at TCPConnectWrap.afterConnect [as oncomplete] (net.js:1186:14)
  code: 'ECONNREFUSED',
  errno: 'ECONNREFUSED',
  syscall: 'connect',
  address: '13.58.82.47',
  port: 5000 }
[0mPOST /neuralZome/getDetailsForStep2 [32m200 [0m3068.690 ms - 90[0m
error
{ Error: connect ECONNREFUSED 13.58.82.47:5000
    at Object._errnoException (util.js:992:11)
    at _exceptionWithHostPort (util.js:1014:20)
    at TCPConnectWrap.afterConnect [as oncomplete] (net.js:1186:14)
  code: 'ECONNREFUSED',
  errno: 'ECONNREFUSED',
  syscall: 'connect',
  address: '13.58.82.47',
  port: 5000 }
[0mPOST /neuralZome/getDetailsForStep2 [32m200 [0m10830.935 ms - 90[0m

> neuralzomeapi@0.0.0 start /home/ubuntu/neuralzomeapi
> node ./bin/www

Port 3000 is already in use
npm ERR! code ELIFECYCLE
npm ERR! errno 1
npm ERR! neuralzomeapi@0.0.0 start: `node ./bin/www`
npm ERR! Exit status 1
npm ERR! 
npm ERR! Failed at the neuralzomeapi@0.0.0 start script.
npm ERR! This is probably not a problem with npm. There is likely additional logging output above.

npm ERR! A complete log of this run can be found in:
npm ERR!     /home/ubuntu/.npm/_logs/2018-08-28T06_40_34_425Z-debug.log
{ status: 'true',
  msg: 'successfully upload completed',
  modelId: [ '92294' ],
  filePath: '/home/ubuntu/copy/master_api/root_files/2018082843uid:92294/file-1535438634805.csv',
  fileExtension: '.csv',
  datatypes: 
   { uid: 'int64',
     'First Name': 'float64',
     'Middle Name': 'float64',
     'Last Name': 'float64',
     'Name Suffix': 'float64',
     'Full Address': 'float64',
     City: 'object',
     State: 'object',
     '5 Digit Zip Code': 'int64',
     'Zip Code Extension': 'int64',
     'Carrier Route Code': 'object',
     'Delivery Point Code': 'int64',
     'USPS Vacant Flag': 'object',
     '9 Digit Zip Code': 'int64',
     ADDRESSID: 'int64',
     Age: 'float64',
     'Auto Class Code': 'object',
     'Auto Fuel Type Code': 'object',
     'Auto MFG Code': 'object',
     'Auto Style Code': 'object',
     CBSA: 'float64',
     'Combined Name': 'float64',
     'County Name': 'object',
     'Delivery Point Validation': 'object',
     'FIPS County Code': 'int64',
     Gender: 'object',
     HHID: 'object',
     'Home Owner Flag': 'object',
     'In the Market for a New Vehicle': 'int64',
     'In the Market for a Used Vehicle': 'int64',
     'In the Market for Auto Finance': 'int64',
     'In the Market for Auto Insurance': 'int64',
     'In the Market for Auto Parts & Service': 'int64',
     Income: 'object',
     'Inferred Purchase Date': 'float64',
     'Last Validation Date': 'float64',
     'Length of Residence': 'float64',
     'Median House Value': 'object',
     'Mileage Code': 'object',
     MSA: 'float64',
     'Number of Vehicles': 'int64',
     'Percentage Asian': 'object',
     'Percentage Asian Speaking': 'object',
     'Percentage Black': 'object',
     'Percentage Blue Collar': 'object',
     'Percentage English Speaking': 'object',
     'Percentage Hispanic': 'object',
     'Percentage Mail Response': 'object',
     'Percentage Other Occupation': 'object',
     'Percentage Spanish Speaking': 'object',
     'Percentage White': 'object',
     'Percentage White Collar': 'object',
     'Phone Number': 'float64',
     'Post Directional': 'float64',
     'Pre Directional': 'object',
     'Presence of Children': 'float64',
     sfdu: 'object',
     'Street Name': 'float64',
     'Street Number': 'float64',
     'Street Suffix': 'float64',
     'Unit Designator': 'object',
     'Unit Number': 'object',
     'VIN Validation Code': 'object',
     'Zip4 Type Code': 'object',
     'Zip5 Carrier Route': 'object',
     'Appended First Name': 'float64',
     'Appended Surname': 'float64',
     'Appended Middle Name': 'float64',
     'Appended Company Name': 'float64',
     'Appended Street Number': 'float64',
     'Appended Pre Directional': 'float64',
     'Appended Street Name': 'float64',
     'Appended Street Suffix': 'float64',
     'Appended Post Directional': 'float64',
     'Appended Unit Designator': 'object',
     'Appended Unit Number': 'float64',
     'Appended City': 'object',
     'Appended State Code': 'object',
     'Appended Zip Code': 'float64',
     'Appended Zip Code Extension': 'float64',
     'Delivery Point Code.1': 'float64',
     'Carrier Route Code.1': 'object',
     'Appended County Code': 'float64',
     'Zip4 Type Code.1': 'object',
     'Delivery Point Validation.1': 'object',
     'Appended Mail Able Flag': 'object',
     'Validation Date': 'float64',
     'Appended Phone': 'float64',
     'Appended Phone Type': 'object',
     'Appended Phone Category': 'object',
     'Appended Phone 2': 'float64',
     'Appended Phone 2 Type': 'object',
     'Appended Phone 2 Category': 'object',
     'Appended Phone 3': 'float64',
     'Appended Phone 3 Type': 'object',
     'Appended Phone 3 Category': 'object',
     'Appended Email': 'object',
     'Appended Email Category': 'object',
     'Appended Email 2': 'object',
     'Appended Email 2 Category': 'object',
     'Appended Email 3': 'object',
     'Appended Email 3 Category': 'object',
     'Valid Address': 'float64',
     'Valid Phone': 'float64',
     'Valid Email': 'float64',
     'Valid Name': 'float64',
     Deceased: 'float64',
     'Name to Phone': 'float64',
     'Name To Email': 'float64',
     'Name To Address': 'float64',
     'Address To Phone': 'float64',
     'Address To Email': 'float64',
     'Phone To Email': 'float64',
     'US Location': 'float64',
     'Valid Second Phone': 'float64',
     'Name To Second Phone': 'float64',
     'Address To Second Phone': 'float64',
     'Second Phone To Email': 'float64',
     'Valid Count': 'float64',
     'Linkage Count': 'float64',
     'Risk Flag Count': 'float64',
     'Validation Summary': 'object',
     'Linkage Summary': 'object',
     'Risk Flag Summary': 'object',
     'ID Verify Score': 'float64',
     'Property Type Indicator': 'float64',
     'Land plus Improvement Value': 'float64',
     'Improvement Value': 'float64',
     'Improvement Value Indicator': 'object',
     'Assessed Value': 'float64',
     'Length of Residence.1': 'float64',
     Homeowner: 'object',
     'Dwelling Type': 'object',
     Acres: 'float64',
     'Land Squarefeet': 'float64',
     'Year Built': 'float64',
     'Living Squarefeet': 'float64',
     'Number of Rooms': 'float64',
     'Number of Bedrooms': 'float64',
     'Number of Bathrooms': 'float64',
     'Total Full baths': 'float64',
     'Total Half baths': 'float64',
     'Air Conditioning Type': 'float64',
     'Presence of Fireplace': 'object',
     'Presence of Pool': 'float64',
     'Roof Type': 'object',
     'Tax Amount': 'float64',
     'Recording Date': 'float64',
     'Sell Price': 'float64',
     'Mortgage Amount': 'float64',
     'Mortgage Date': 'float64',
     'Mortgage Term': 'float64',
     'Mortgage Due Date': 'float64',
     'Gender.1': 'object',
     'Age.1': 'float64',
     'Median Year Built': 'float64',
     'Estimated Household Income': 'object',
     'Marital Status': 'object',
     'Wealth Score': 'object',
     'Home Market Value': 'object',
     'Presence of Children.1': 'object',
     'Number of Children': 'object',
     'Median House Value.1': 'object',
     'Median Years of School': 'float64',
     'Purchasing Power Score': 'object',
     'Phone Type': 'object',
     'Second Phone Type': 'float64',
     'Auto Make': 'object',
     'Auto Model': 'object',
     'Auto Year': 'float64',
     'Auto Class': 'object',
     'Auto Fuel Type': 'object',
     'Auto MFG': 'object',
     'Auto Style': 'object',
     Mileage: 'object',
     'Last Verified Date': 'float64',
     'Second Auto Make': 'object',
     'Second Auto Model': 'object',
     'Second Auto Year': 'float64',
     'Second Auto Class': 'object',
     'Second Auto Fuel Type': 'object',
     'Second Auto MFG': 'object',
     'Second Auto Style': 'object',
     'Second Auto Mileage': 'object',
     'Second Auto Last Verified Date': 'float64',
     'Third Auto Make': 'object',
     'Third Auto Model': 'object',
     'Third Auto Year': 'float64',
     'Third Auto Class': 'object',
     'Third Auto Fuel Type': 'object',
     'Third Auto MFG': 'object',
     'Third Auto Style': 'object',
     'Third Auto Mileage': 'object',
     'Third Auto Last Verified Date': 'float64',
     'Fourth Auto Make': 'object',
     'Fourth Auto Model': 'object',
     'Fourth Auto Year': 'float64',
     'Fourth Auto Class': 'object',
     'Fourth Auto Fuel Type': 'object',
     'Fourth Auto MFG': 'object',
     'Fourth Auto Style': 'object',
     'Fourth Auto Mileage': 'object',
     'Fourth Auto Last Verified Date': 'float64',
     'IP Address': 'float64',
     Region: 'float64',
     'IP City': 'float64',
     'IP Zip': 'float64',
     Latitude: 'float64',
     Longitude: 'float64',
     'Internet Provider': 'float64',
     'IP From': 'float64',
     'IP To': 'float64' },
  algo: 
   { classification: 
      [ 'Decision Tree classifier',
        'RandomForestClassifier',
        'svm-rbf',
        'svm-linear',
        'KNeighborsClassifier',
        'GaussianNBclassifier' ],
     regression: 
      [ 'LinearRegressor',
        'RidgeRegressor',
        'DecisiontreeRegressor',
        'RandomforestRegressor',
        'LogisticRegressor',
        'LassoRegressor' ] },
  tt_split: 
   [ '80% train and 20% test',
     '70% train and 30% test',
     '50% train and 50% test' ],
  email: 'lkdjs@ladnas.com' }
[0mPOST /neuralZome/getDetailsForStep2 [0m- [0m- ms - -[0m
{ status: 'true',
  msg: 'successfully upload completed',
  modelId: [ '79355' ],
  filePath: '/home/ubuntu/copy/master_api/root_files/2018082846uid:79355/file-1535438786514.csv',
  fileExtension: '.csv',
  datatypes: 
   { uid: 'int64',
     'First Name': 'float64',
     'Middle Name': 'float64',
     'Last Name': 'float64',
     'Name Suffix': 'float64',
     'Full Address': 'float64',
     City: 'object',
     State: 'object',
     '5 Digit Zip Code': 'int64',
     'Zip Code Extension': 'int64',
     'Carrier Route Code': 'object',
     'Delivery Point Code': 'int64',
     'USPS Vacant Flag': 'object',
     '9 Digit Zip Code': 'int64',
     ADDRESSID: 'int64',
     Age: 'float64',
     'Auto Class Code': 'object',
     'Auto Fuel Type Code': 'object',
     'Auto MFG Code': 'object',
     'Auto Style Code': 'object',
     CBSA: 'float64',
     'Combined Name': 'float64',
     'County Name': 'object',
     'Delivery Point Validation': 'object',
     'FIPS County Code': 'int64',
     Gender: 'object',
     HHID: 'object',
     'Home Owner Flag': 'object',
     'In the Market for a New Vehicle': 'int64',
     'In the Market for a Used Vehicle': 'int64',
     'In the Market for Auto Finance': 'int64',
     'In the Market for Auto Insurance': 'int64',
     'In the Market for Auto Parts & Service': 'int64',
     Income: 'object',
     'Inferred Purchase Date': 'float64',
     'Last Validation Date': 'float64',
     'Length of Residence': 'float64',
     'Median House Value': 'object',
     'Mileage Code': 'object',
     MSA: 'float64',
     'Number of Vehicles': 'int64',
     'Percentage Asian': 'object',
     'Percentage Asian Speaking': 'object',
     'Percentage Black': 'object',
     'Percentage Blue Collar': 'object',
     'Percentage English Speaking': 'object',
     'Percentage Hispanic': 'object',
     'Percentage Mail Response': 'object',
     'Percentage Other Occupation': 'object',
     'Percentage Spanish Speaking': 'object',
     'Percentage White': 'object',
     'Percentage White Collar': 'object',
     'Phone Number': 'float64',
     'Post Directional': 'float64',
     'Pre Directional': 'object',
     'Presence of Children': 'float64',
     sfdu: 'object',
     'Street Name': 'float64',
     'Street Number': 'float64',
     'Street Suffix': 'float64',
     'Unit Designator': 'object',
     'Unit Number': 'object',
     'VIN Validation Code': 'object',
     'Zip4 Type Code': 'object',
     'Zip5 Carrier Route': 'object',
     'Appended First Name': 'float64',
     'Appended Surname': 'float64',
     'Appended Middle Name': 'float64',
     'Appended Company Name': 'float64',
     'Appended Street Number': 'float64',
     'Appended Pre Directional': 'float64',
     'Appended Street Name': 'float64',
     'Appended Street Suffix': 'float64',
     'Appended Post Directional': 'float64',
     'Appended Unit Designator': 'object',
     'Appended Unit Number': 'float64',
     'Appended City': 'object',
     'Appended State Code': 'object',
     'Appended Zip Code': 'float64',
     'Appended Zip Code Extension': 'float64',
     'Delivery Point Code.1': 'float64',
     'Carrier Route Code.1': 'object',
     'Appended County Code': 'float64',
     'Zip4 Type Code.1': 'object',
     'Delivery Point Validation.1': 'object',
     'Appended Mail Able Flag': 'object',
     'Validation Date': 'float64',
     'Appended Phone': 'float64',
     'Appended Phone Type': 'object',
     'Appended Phone Category': 'object',
     'Appended Phone 2': 'float64',
     'Appended Phone 2 Type': 'object',
     'Appended Phone 2 Category': 'object',
     'Appended Phone 3': 'float64',
     'Appended Phone 3 Type': 'object',
     'Appended Phone 3 Category': 'object',
     'Appended Email': 'object',
     'Appended Email Category': 'object',
     'Appended Email 2': 'object',
     'Appended Email 2 Category': 'object',
     'Appended Email 3': 'object',
     'Appended Email 3 Category': 'object',
     'Valid Address': 'float64',
     'Valid Phone': 'float64',
     'Valid Email': 'float64',
     'Valid Name': 'float64',
     Deceased: 'float64',
     'Name to Phone': 'float64',
     'Name To Email': 'float64',
     'Name To Address': 'float64',
     'Address To Phone': 'float64',
     'Address To Email': 'float64',
     'Phone To Email': 'float64',
     'US Location': 'float64',
     'Valid Second Phone': 'float64',
     'Name To Second Phone': 'float64',
     'Address To Second Phone': 'float64',
     'Second Phone To Email': 'float64',
     'Valid Count': 'float64',
     'Linkage Count': 'float64',
     'Risk Flag Count': 'float64',
     'Validation Summary': 'object',
     'Linkage Summary': 'object',
     'Risk Flag Summary': 'object',
     'ID Verify Score': 'float64',
     'Property Type Indicator': 'float64',
     'Land plus Improvement Value': 'float64',
     'Improvement Value': 'float64',
     'Improvement Value Indicator': 'object',
     'Assessed Value': 'float64',
     'Length of Residence.1': 'float64',
     Homeowner: 'object',
     'Dwelling Type': 'object',
     Acres: 'float64',
     'Land Squarefeet': 'float64',
     'Year Built': 'float64',
     'Living Squarefeet': 'float64',
     'Number of Rooms': 'float64',
     'Number of Bedrooms': 'float64',
     'Number of Bathrooms': 'float64',
     'Total Full baths': 'float64',
     'Total Half baths': 'float64',
     'Air Conditioning Type': 'float64',
     'Presence of Fireplace': 'object',
     'Presence of Pool': 'float64',
     'Roof Type': 'object',
     'Tax Amount': 'float64',
     'Recording Date': 'float64',
     'Sell Price': 'float64',
     'Mortgage Amount': 'float64',
     'Mortgage Date': 'float64',
     'Mortgage Term': 'float64',
     'Mortgage Due Date': 'float64',
     'Gender.1': 'object',
     'Age.1': 'float64',
     'Median Year Built': 'float64',
     'Estimated Household Income': 'object',
     'Marital Status': 'object',
     'Wealth Score': 'object',
     'Home Market Value': 'object',
     'Presence of Children.1': 'object',
     'Number of Children': 'object',
     'Median House Value.1': 'object',
     'Median Years of School': 'float64',
     'Purchasing Power Score': 'object',
     'Phone Type': 'object',
     'Second Phone Type': 'float64',
     'Auto Make': 'object',
     'Auto Model': 'object',
     'Auto Year': 'float64',
     'Auto Class': 'object',
     'Auto Fuel Type': 'object',
     'Auto MFG': 'object',
     'Auto Style': 'object',
     Mileage: 'object',
     'Last Verified Date': 'float64',
     'Second Auto Make': 'object',
     'Second Auto Model': 'object',
     'Second Auto Year': 'float64',
     'Second Auto Class': 'object',
     'Second Auto Fuel Type': 'object',
     'Second Auto MFG': 'object',
     'Second Auto Style': 'object',
     'Second Auto Mileage': 'object',
     'Second Auto Last Verified Date': 'float64',
     'Third Auto Make': 'object',
     'Third Auto Model': 'object',
     'Third Auto Year': 'float64',
     'Third Auto Class': 'object',
     'Third Auto Fuel Type': 'object',
     'Third Auto MFG': 'object',
     'Third Auto Style': 'object',
     'Third Auto Mileage': 'object',
     'Third Auto Last Verified Date': 'float64',
     'Fourth Auto Make': 'object',
     'Fourth Auto Model': 'object',
     'Fourth Auto Year': 'float64',
     'Fourth Auto Class': 'object',
     'Fourth Auto Fuel Type': 'object',
     'Fourth Auto MFG': 'object',
     'Fourth Auto Style': 'object',
     'Fourth Auto Mileage': 'object',
     'Fourth Auto Last Verified Date': 'float64',
     'IP Address': 'float64',
     Region: 'float64',
     'IP City': 'float64',
     'IP Zip': 'float64',
     Latitude: 'float64',
     Longitude: 'float64',
     'Internet Provider': 'float64',
     'IP From': 'float64',
     'IP To': 'float64' },
  algo: 
   { classification: 
      [ 'Decision Tree classifier',
        'RandomForestClassifier',
        'svm-rbf',
        'svm-linear',
        'KNeighborsClassifier',
        'GaussianNBclassifier' ],
     regression: 
      [ 'LinearRegressor',
        'RidgeRegressor',
        'DecisiontreeRegressor',
        'RandomforestRegressor',
        'LogisticRegressor',
        'LassoRegressor' ] },
  tt_split: 
   [ '80% train and 20% test',
     '70% train and 30% test',
     '50% train and 50% test' ],
  email: 'sjdnsa@zdnbczds.com' }
{ status: 'true',
  msg: 'successfully upload completed',
  modelId: [ '81779' ],
  filePath: '/home/ubuntu/copy/master_api/root_files/2018082848uid:81779/file-1535438892493.csv',
  fileExtension: '.csv',
  datatypes: 
   { uid: 'int64',
     'First Name': 'float64',
     'Middle Name': 'float64',
     'Last Name': 'float64',
     'Name Suffix': 'float64',
     'Full Address': 'float64',
     City: 'object',
     State: 'object',
     '5 Digit Zip Code': 'int64',
     'Zip Code Extension': 'int64',
     'Carrier Route Code': 'object',
     'Delivery Point Code': 'int64',
     'USPS Vacant Flag': 'object',
     '9 Digit Zip Code': 'int64',
     ADDRESSID: 'int64',
     Age: 'float64',
     'Auto Class Code': 'object',
     'Auto Fuel Type Code': 'object',
     'Auto MFG Code': 'object',
     'Auto Style Code': 'object',
     CBSA: 'float64',
     'Combined Name': 'float64',
     'County Name': 'object',
     'Delivery Point Validation': 'object',
     'FIPS County Code': 'int64',
     Gender: 'object',
     HHID: 'object',
     'Home Owner Flag': 'object',
     'In the Market for a New Vehicle': 'int64',
     'In the Market for a Used Vehicle': 'int64',
     'In the Market for Auto Finance': 'int64',
     'In the Market for Auto Insurance': 'int64',
     'In the Market for Auto Parts & Service': 'int64',
     Income: 'object',
     'Inferred Purchase Date': 'float64',
     'Last Validation Date': 'float64',
     'Length of Residence': 'float64',
     'Median House Value': 'object',
     'Mileage Code': 'object',
     MSA: 'float64',
     'Number of Vehicles': 'int64',
     'Percentage Asian': 'object',
     'Percentage Asian Speaking': 'object',
     'Percentage Black': 'object',
     'Percentage Blue Collar': 'object',
     'Percentage English Speaking': 'object',
     'Percentage Hispanic': 'object',
     'Percentage Mail Response': 'object',
     'Percentage Other Occupation': 'object',
     'Percentage Spanish Speaking': 'object',
     'Percentage White': 'object',
     'Percentage White Collar': 'object',
     'Phone Number': 'float64',
     'Post Directional': 'float64',
     'Pre Directional': 'object',
     'Presence of Children': 'float64',
     sfdu: 'object',
     'Street Name': 'float64',
     'Street Number': 'float64',
     'Street Suffix': 'float64',
     'Unit Designator': 'object',
     'Unit Number': 'object',
     'VIN Validation Code': 'object',
     'Zip4 Type Code': 'object',
     'Zip5 Carrier Route': 'object',
     'Appended First Name': 'float64',
     'Appended Surname': 'float64',
     'Appended Middle Name': 'float64',
     'Appended Company Name': 'float64',
     'Appended Street Number': 'float64',
     'Appended Pre Directional': 'float64',
     'Appended Street Name': 'float64',
     'Appended Street Suffix': 'float64',
     'Appended Post Directional': 'float64',
     'Appended Unit Designator': 'object',
     'Appended Unit Number': 'float64',
     'Appended City': 'object',
     'Appended State Code': 'object',
     'Appended Zip Code': 'float64',
     'Appended Zip Code Extension': 'float64',
     'Delivery Point Code.1': 'float64',
     'Carrier Route Code.1': 'object',
     'Appended County Code': 'float64',
     'Zip4 Type Code.1': 'object',
     'Delivery Point Validation.1': 'object',
     'Appended Mail Able Flag': 'object',
     'Validation Date': 'float64',
     'Appended Phone': 'float64',
     'Appended Phone Type': 'object',
     'Appended Phone Category': 'object',
     'Appended Phone 2': 'float64',
     'Appended Phone 2 Type': 'object',
     'Appended Phone 2 Category': 'object',
     'Appended Phone 3': 'float64',
     'Appended Phone 3 Type': 'object',
     'Appended Phone 3 Category': 'object',
     'Appended Email': 'object',
     'Appended Email Category': 'object',
     'Appended Email 2': 'object',
     'Appended Email 2 Category': 'object',
     'Appended Email 3': 'object',
     'Appended Email 3 Category': 'object',
     'Valid Address': 'float64',
     'Valid Phone': 'float64',
     'Valid Email': 'float64',
     'Valid Name': 'float64',
     Deceased: 'float64',
     'Name to Phone': 'float64',
     'Name To Email': 'float64',
     'Name To Address': 'float64',
     'Address To Phone': 'float64',
     'Address To Email': 'float64',
     'Phone To Email': 'float64',
     'US Location': 'float64',
     'Valid Second Phone': 'float64',
     'Name To Second Phone': 'float64',
     'Address To Second Phone': 'float64',
     'Second Phone To Email': 'float64',
     'Valid Count': 'float64',
     'Linkage Count': 'float64',
     'Risk Flag Count': 'float64',
     'Validation Summary': 'object',
     'Linkage Summary': 'object',
     'Risk Flag Summary': 'object',
     'ID Verify Score': 'float64',
     'Property Type Indicator': 'float64',
     'Land plus Improvement Value': 'float64',
     'Improvement Value': 'float64',
     'Improvement Value Indicator': 'object',
     'Assessed Value': 'float64',
     'Length of Residence.1': 'float64',
     Homeowner: 'object',
     'Dwelling Type': 'object',
     Acres: 'float64',
     'Land Squarefeet': 'float64',
     'Year Built': 'float64',
     'Living Squarefeet': 'float64',
     'Number of Rooms': 'float64',
     'Number of Bedrooms': 'float64',
     'Number of Bathrooms': 'float64',
     'Total Full baths': 'float64',
     'Total Half baths': 'float64',
     'Air Conditioning Type': 'float64',
     'Presence of Fireplace': 'object',
     'Presence of Pool': 'float64',
     'Roof Type': 'object',
     'Tax Amount': 'float64',
     'Recording Date': 'float64',
     'Sell Price': 'float64',
     'Mortgage Amount': 'float64',
     'Mortgage Date': 'float64',
     'Mortgage Term': 'float64',
     'Mortgage Due Date': 'float64',
     'Gender.1': 'object',
     'Age.1': 'float64',
     'Median Year Built': 'float64',
     'Estimated Household Income': 'object',
     'Marital Status': 'object',
     'Wealth Score': 'object',
     'Home Market Value': 'object',
     'Presence of Children.1': 'object',
     'Number of Children': 'object',
     'Median House Value.1': 'object',
     'Median Years of School': 'float64',
     'Purchasing Power Score': 'object',
     'Phone Type': 'object',
     'Second Phone Type': 'float64',
     'Auto Make': 'object',
     'Auto Model': 'object',
     'Auto Year': 'float64',
     'Auto Class': 'object',
     'Auto Fuel Type': 'object',
     'Auto MFG': 'object',
     'Auto Style': 'object',
     Mileage: 'object',
     'Last Verified Date': 'float64',
     'Second Auto Make': 'object',
     'Second Auto Model': 'object',
     'Second Auto Year': 'float64',
     'Second Auto Class': 'object',
     'Second Auto Fuel Type': 'object',
     'Second Auto MFG': 'object',
     'Second Auto Style': 'object',
     'Second Auto Mileage': 'object',
     'Second Auto Last Verified Date': 'float64',
     'Third Auto Make': 'object',
     'Third Auto Model': 'object',
     'Third Auto Year': 'float64',
     'Third Auto Class': 'object',
     'Third Auto Fuel Type': 'object',
     'Third Auto MFG': 'object',
     'Third Auto Style': 'object',
     'Third Auto Mileage': 'object',
     'Third Auto Last Verified Date': 'float64',
     'Fourth Auto Make': 'object',
     'Fourth Auto Model': 'object',
     'Fourth Auto Year': 'float64',
     'Fourth Auto Class': 'object',
     'Fourth Auto Fuel Type': 'object',
     'Fourth Auto MFG': 'object',
     'Fourth Auto Style': 'object',
     'Fourth Auto Mileage': 'object',
     'Fourth Auto Last Verified Date': 'float64',
     'IP Address': 'float64',
     Region: 'float64',
     'IP City': 'float64',
     'IP Zip': 'float64',
     Latitude: 'float64',
     Longitude: 'float64',
     'Internet Provider': 'float64',
     'IP From': 'float64',
     'IP To': 'float64' },
  algo: 
   { classification: 
      [ 'Decision Tree classifier',
        'RandomForestClassifier',
        'svm-rbf',
        'svm-linear',
        'KNeighborsClassifier',
        'GaussianNBclassifier' ],
     regression: 
      [ 'LinearRegressor',
        'RidgeRegressor',
        'DecisiontreeRegressor',
        'RandomforestRegressor',
        'LogisticRegressor',
        'LassoRegressor' ] },
  tt_split: 
   [ '80% train and 20% test',
     '70% train and 30% test',
     '50% train and 50% test' ],
  email: 'asdba@,sjdasd.co' }
[0mPOST /neuralZome/getDetailsForStep2 [0m- [0m- ms - -[0m
[0mPOST /neuralZome/getDetailsForStep2 [0m- [0m- ms - -[0m
Killed
npm ERR! code ELIFECYCLE
npm ERR! errno 137
npm ERR! neuralzomeapi@0.0.0 start: `node ./bin/www`
npm ERR! Exit status 137
npm ERR! 
npm ERR! Failed at the neuralzomeapi@0.0.0 start script.
npm ERR! This is probably not a problem with npm. There is likely additional logging output above.

npm ERR! A complete log of this run can be found in:
npm ERR!     /home/ubuntu/.npm/_logs/2018-08-28T06_51_34_436Z-debug.log
