{"level":"info","message":"[object Object]","timestamp":"2018-09-05T14:16:20.643Z"}
{"level":"info","message":"::1 - - [05/Sep/2018:14:16:20 +0000] \"POST /neuralZome/getDetailsForStep2 HTTP/1.1\" 200 6798 \"-\" \"PostmanRuntime/7.1.1\"\n","timestamp":"2018-09-05T14:16:20.655Z"}
{"level":"info","message":"Email : sasikumargamasome@gmail.com - ModelId : 2018090519-78102","timestamp":"2018-09-05T14:23:26.340Z"}
{"level":"info","message":"::1 - - [05/Sep/2018:14:23:26 +0000] \"POST /neuralZome/getDetailsForStep3 HTTP/1.1\" 200 889 \"-\" \"PostmanRuntime/7.1.1\"\n","timestamp":"2018-09-05T14:23:26.353Z"}
{"level":"info","message":"::1 - - [06/Sep/2018:08:18:55 +0000] \"POST /neuralZome/getDetailsForStep2 HTTP/1.1\" 200 6810 \"-\" \"PostmanRuntime/7.1.1\"\n","timestamp":"2018-09-06T08:18:55.080Z"}
{"level":"info","message":"Email : abhilash.k.paran@gmail.com - ModelId : 2018090618-83072","timestamp":"2018-09-06T08:20:17.018Z"}
{"level":"info","message":"::1 - - [06/Sep/2018:08:20:17 +0000] \"POST /neuralZome/getDetailsForStep3 HTTP/1.1\" 200 888 \"-\" \"PostmanRuntime/7.1.1\"\n","timestamp":"2018-09-06T08:20:17.021Z"}
{"level":"info","message":"Email : abhilash.k.paran@gmail.com - ModelId : 2018090618-83072","timestamp":"2018-09-06T09:20:56.238Z"}
{"level":"info","message":"::1 - - [06/Sep/2018:09:20:56 +0000] \"POST /neuralZome/getDetailsForStep3 HTTP/1.1\" 200 888 \"-\" \"PostmanRuntime/7.1.1\"\n","timestamp":"2018-09-06T09:20:56.239Z"}
{"level":"info","message":"Email : abhilash.k.paran@gmail.com - ModelId : 2018090618-83072","timestamp":"2018-09-06T09:22:19.537Z"}
{"level":"info","message":"::1 - - [06/Sep/2018:09:22:19 +0000] \"POST /neuralZome/getDetailsForStep3 HTTP/1.1\" 200 888 \"-\" \"PostmanRuntime/7.1.1\"\n","timestamp":"2018-09-06T09:22:19.543Z"}
{"level":"info","message":"Email : abhilash.k.paran@gmail.com - ModelId : 2018090618-83072","timestamp":"2018-09-06T09:23:53.882Z"}
{"level":"info","message":"::1 - - [06/Sep/2018:09:23:53 +0000] \"POST /neuralZome/getDetailsForStep3 HTTP/1.1\" 200 888 \"-\" \"PostmanRuntime/7.1.1\"\n","timestamp":"2018-09-06T09:23:53.890Z"}
{"level":"info","message":"::1 - - [20/Sep/2018:07:17:54 +0000] \"POST /neuralZome/contactus HTTP/1.1\" 200 68 \"-\" \"PostmanRuntime/7.3.0\"\n","timestamp":"2018-09-20T07:17:54.496Z"}
{"level":"info","message":"::1 - - [20/Sep/2018:07:19:25 +0000] \"GET / HTTP/1.1\" 304 - \"-\" \"Mozilla/5.0 (X11; Linux x86_64) AppleWebKit/537.36 (KHTML, like Gecko) Ubuntu Chromium/68.0.3440.106 Chrome/68.0.3440.106 Safari/537.36\"\n","timestamp":"2018-09-20T07:19:25.335Z"}
{"level":"info","message":"::1 - - [20/Sep/2018:07:19:26 +0000] \"GET /stylesheets/style.css HTTP/1.1\" 200 111 \"http://localhost:3000/\" \"Mozilla/5.0 (X11; Linux x86_64) AppleWebKit/537.36 (KHTML, like Gecko) Ubuntu Chromium/68.0.3440.106 Chrome/68.0.3440.106 Safari/537.36\"\n","timestamp":"2018-09-20T07:19:26.009Z"}
{"level":"info","message":"::1 - - [20/Sep/2018:07:19:26 +0000] \"GET /favicon.ico HTTP/1.1\" 200 87 \"http://localhost:3000/\" \"Mozilla/5.0 (X11; Linux x86_64) AppleWebKit/537.36 (KHTML, like Gecko) Ubuntu Chromium/68.0.3440.106 Chrome/68.0.3440.106 Safari/537.36\"\n","timestamp":"2018-09-20T07:19:26.295Z"}
{"level":"info","message":"::1 - - [20/Sep/2018:07:19:48 +0000] \"POST /neuralZome/contactus HTTP/1.1\" 200 68 \"-\" \"PostmanRuntime/7.3.0\"\n","timestamp":"2018-09-20T07:19:48.005Z"}
{"level":"info","message":"::1 - - [20/Sep/2018:07:21:13 +0000] \"POST /neuralZome/contactus HTTP/1.1\" 200 166 \"-\" \"PostmanRuntime/7.3.0\"\n","timestamp":"2018-09-20T07:21:13.336Z"}
{"level":"info","message":"::1 - - [20/Sep/2018:07:46:34 +0000] \"POST /neuralZome/contactus HTTP/1.1\" 200 166 \"-\" \"PostmanRuntime/7.3.0\"\n","timestamp":"2018-09-20T07:46:34.783Z"}
{"level":"info","message":"::1 - - [20/Sep/2018:09:05:54 +0000] \"OPTIONS /neuralZome/contactus HTTP/1.1\" 200 2 \"-\" \"Mozilla/5.0 (X11; Linux x86_64) AppleWebKit/537.36 (KHTML, like Gecko) Ubuntu Chromium/68.0.3440.106 Chrome/68.0.3440.106 Safari/537.36\"\n","timestamp":"2018-09-20T09:05:54.467Z"}
{"level":"info","message":"::1 - - [20/Sep/2018:09:06:25 +0000] \"POST /neuralZome/contactus HTTP/1.1\" 200 386 \"http://localhost:4200/\" \"Mozilla/5.0 (X11; Linux x86_64) AppleWebKit/537.36 (KHTML, like Gecko) Ubuntu Chromium/68.0.3440.106 Chrome/68.0.3440.106 Safari/537.36\"\n","timestamp":"2018-09-20T09:06:25.266Z"}
{"level":"info","message":"::1 - - [20/Sep/2018:09:09:01 +0000] \"OPTIONS /neuralZome/contactus HTTP/1.1\" 200 2 \"-\" \"Mozilla/5.0 (X11; Linux x86_64) AppleWebKit/537.36 (KHTML, like Gecko) Ubuntu Chromium/68.0.3440.106 Chrome/68.0.3440.106 Safari/537.36\"\n","timestamp":"2018-09-20T09:09:01.978Z"}
{"level":"info","message":"::1 - - [20/Sep/2018:09:09:27 +0000] \"POST /neuralZome/contactus HTTP/1.1\" 200 382 \"http://localhost:4200/\" \"Mozilla/5.0 (X11; Linux x86_64) AppleWebKit/537.36 (KHTML, like Gecko) Ubuntu Chromium/68.0.3440.106 Chrome/68.0.3440.106 Safari/537.36\"\n","timestamp":"2018-09-20T09:09:27.852Z"}
{"level":"info","message":"::1 - - [20/Sep/2018:09:11:01 +0000] \"OPTIONS /neuralZome/contactus HTTP/1.1\" 200 2 \"-\" \"Mozilla/5.0 (X11; Linux x86_64) AppleWebKit/537.36 (KHTML, like Gecko) Ubuntu Chromium/68.0.3440.106 Chrome/68.0.3440.106 Safari/537.36\"\n","timestamp":"2018-09-20T09:11:01.766Z"}
{"level":"info","message":"::1 - - [20/Sep/2018:09:11:18 +0000] \"POST /neuralZome/contactus HTTP/1.1\" 200 378 \"http://localhost:4200/\" \"Mozilla/5.0 (X11; Linux x86_64) AppleWebKit/537.36 (KHTML, like Gecko) Ubuntu Chromium/68.0.3440.106 Chrome/68.0.3440.106 Safari/537.36\"\n","timestamp":"2018-09-20T09:11:18.934Z"}
{"level":"info","message":"::1 - - [20/Sep/2018:10:48:36 +0000] \"OPTIONS /neuralZome/contactus HTTP/1.1\" 200 2 \"-\" \"Mozilla/5.0 (X11; Linux x86_64) AppleWebKit/537.36 (KHTML, like Gecko) Ubuntu Chromium/68.0.3440.106 Chrome/68.0.3440.106 Safari/537.36\"\n","timestamp":"2018-09-20T10:48:36.167Z"}
{"level":"info","message":"::1 - - [20/Sep/2018:10:48:39 +0000] \"POST /neuralZome/contactus HTTP/1.1\" 200 384 \"http://localhost:4200/\" \"Mozilla/5.0 (X11; Linux x86_64) AppleWebKit/537.36 (KHTML, like Gecko) Ubuntu Chromium/68.0.3440.106 Chrome/68.0.3440.106 Safari/537.36\"\n","timestamp":"2018-09-20T10:48:39.801Z"}
{"level":"info","message":"::1 - - [20/Sep/2018:10:51:22 +0000] \"OPTIONS /neuralZome/contactus HTTP/1.1\" 200 2 \"-\" \"Mozilla/5.0 (X11; Linux x86_64) AppleWebKit/537.36 (KHTML, like Gecko) Ubuntu Chromium/68.0.3440.106 Chrome/68.0.3440.106 Safari/537.36\"\n","timestamp":"2018-09-20T10:51:22.124Z"}
{"level":"info","message":"::1 - - [20/Sep/2018:10:51:24 +0000] \"POST /neuralZome/contactus HTTP/1.1\" 200 383 \"http://localhost:4200/\" \"Mozilla/5.0 (X11; Linux x86_64) AppleWebKit/537.36 (KHTML, like Gecko) Ubuntu Chromium/68.0.3440.106 Chrome/68.0.3440.106 Safari/537.36\"\n","timestamp":"2018-09-20T10:51:24.589Z"}
{"level":"info","message":"::1 - - [20/Sep/2018:10:52:02 +0000] \"OPTIONS /neuralZome/contactus HTTP/1.1\" 200 2 \"-\" \"Mozilla/5.0 (X11; Linux x86_64) AppleWebKit/537.36 (KHTML, like Gecko) Ubuntu Chromium/68.0.3440.106 Chrome/68.0.3440.106 Safari/537.36\"\n","timestamp":"2018-09-20T10:52:02.540Z"}
{"level":"info","message":"::1 - - [20/Sep/2018:10:52:05 +0000] \"POST /neuralZome/contactus HTTP/1.1\" 200 383 \"http://localhost:4200/\" \"Mozilla/5.0 (X11; Linux x86_64) AppleWebKit/537.36 (KHTML, like Gecko) Ubuntu Chromium/68.0.3440.106 Chrome/68.0.3440.106 Safari/537.36\"\n","timestamp":"2018-09-20T10:52:05.029Z"}
{"level":"info","message":"::1 - - [20/Sep/2018:12:10:56 +0000] \"OPTIONS /neuralZome/contactus HTTP/1.1\" 200 2 \"-\" \"Mozilla/5.0 (X11; Linux x86_64) AppleWebKit/537.36 (KHTML, like Gecko) Ubuntu Chromium/68.0.3440.106 Chrome/68.0.3440.106 Safari/537.36\"\n","timestamp":"2018-09-20T12:10:56.483Z"}
{"level":"info","message":"::1 - - [20/Sep/2018:12:11:04 +0000] \"OPTIONS /neuralZome/contactus HTTP/1.1\" 200 2 \"-\" \"Mozilla/5.0 (X11; Linux x86_64) AppleWebKit/537.36 (KHTML, like Gecko) Ubuntu Chromium/68.0.3440.106 Chrome/68.0.3440.106 Safari/537.36\"\n","timestamp":"2018-09-20T12:11:04.023Z"}
{"level":"info","message":"::1 - - [20/Sep/2018:12:11:04 +0000] \"POST /neuralZome/contactus HTTP/1.1\" 200 386 \"http://localhost:4200/\" \"Mozilla/5.0 (X11; Linux x86_64) AppleWebKit/537.36 (KHTML, like Gecko) Ubuntu Chromium/68.0.3440.106 Chrome/68.0.3440.106 Safari/537.36\"\n","timestamp":"2018-09-20T12:11:04.705Z"}
{"level":"info","message":"::1 - - [20/Sep/2018:12:11:06 +0000] \"POST /neuralZome/contactus HTTP/1.1\" 200 384 \"http://localhost:4200/\" \"Mozilla/5.0 (X11; Linux x86_64) AppleWebKit/537.36 (KHTML, like Gecko) Ubuntu Chromium/68.0.3440.106 Chrome/68.0.3440.106 Safari/537.36\"\n","timestamp":"2018-09-20T12:11:06.888Z"}
{"level":"info","message":"::1 - - [20/Sep/2018:12:33:47 +0000] \"OPTIONS /neuralZome/contactus HTTP/1.1\" 200 2 \"-\" \"Mozilla/5.0 (X11; Linux x86_64) AppleWebKit/537.36 (KHTML, like Gecko) Ubuntu Chromium/68.0.3440.106 Chrome/68.0.3440.106 Safari/537.36\"\n","timestamp":"2018-09-20T12:33:47.748Z"}
{"level":"info","message":"::1 - - [20/Sep/2018:12:33:51 +0000] \"POST /neuralZome/contactus HTTP/1.1\" 200 383 \"http://localhost:4200/\" \"Mozilla/5.0 (X11; Linux x86_64) AppleWebKit/537.36 (KHTML, like Gecko) Ubuntu Chromium/68.0.3440.106 Chrome/68.0.3440.106 Safari/537.36\"\n","timestamp":"2018-09-20T12:33:51.361Z"}
{"level":"info","message":"::1 - - [20/Sep/2018:12:34:40 +0000] \"OPTIONS /neuralZome/contactus HTTP/1.1\" 200 2 \"-\" \"Mozilla/5.0 (X11; Linux x86_64) AppleWebKit/537.36 (KHTML, like Gecko) Ubuntu Chromium/68.0.3440.106 Chrome/68.0.3440.106 Safari/537.36\"\n","timestamp":"2018-09-20T12:34:40.867Z"}
{"level":"info","message":"::1 - - [20/Sep/2018:12:34:43 +0000] \"POST /neuralZome/contactus HTTP/1.1\" 200 384 \"http://localhost:4200/\" \"Mozilla/5.0 (X11; Linux x86_64) AppleWebKit/537.36 (KHTML, like Gecko) Ubuntu Chromium/68.0.3440.106 Chrome/68.0.3440.106 Safari/537.36\"\n","timestamp":"2018-09-20T12:34:43.389Z"}
{"level":"info","message":"::1 - - [20/Sep/2018:12:39:10 +0000] \"OPTIONS /neuralZome/contactus HTTP/1.1\" 200 2 \"-\" \"Mozilla/5.0 (X11; Linux x86_64) AppleWebKit/537.36 (KHTML, like Gecko) Ubuntu Chromium/68.0.3440.106 Chrome/68.0.3440.106 Safari/537.36\"\n","timestamp":"2018-09-20T12:39:10.030Z"}
{"level":"info","message":"::1 - - [20/Sep/2018:12:39:12 +0000] \"POST /neuralZome/contactus HTTP/1.1\" 200 385 \"http://localhost:4200/\" \"Mozilla/5.0 (X11; Linux x86_64) AppleWebKit/537.36 (KHTML, like Gecko) Ubuntu Chromium/68.0.3440.106 Chrome/68.0.3440.106 Safari/537.36\"\n","timestamp":"2018-09-20T12:39:12.845Z"}
{"level":"info","message":"::1 - - [20/Sep/2018:12:40:06 +0000] \"OPTIONS /neuralZome/contactus HTTP/1.1\" 200 2 \"-\" \"Mozilla/5.0 (X11; Linux x86_64) AppleWebKit/537.36 (KHTML, like Gecko) Ubuntu Chromium/68.0.3440.106 Chrome/68.0.3440.106 Safari/537.36\"\n","timestamp":"2018-09-20T12:40:06.516Z"}
{"level":"info","message":"::1 - - [20/Sep/2018:12:40:09 +0000] \"POST /neuralZome/contactus HTTP/1.1\" 200 382 \"http://localhost:4200/\" \"Mozilla/5.0 (X11; Linux x86_64) AppleWebKit/537.36 (KHTML, like Gecko) Ubuntu Chromium/68.0.3440.106 Chrome/68.0.3440.106 Safari/537.36\"\n","timestamp":"2018-09-20T12:40:09.240Z"}
{"level":"info","message":"::1 - - [20/Sep/2018:13:51:51 +0000] \"OPTIONS /neuralZome/contactus HTTP/1.1\" 200 2 \"-\" \"Mozilla/5.0 (X11; Linux x86_64) AppleWebKit/537.36 (KHTML, like Gecko) Ubuntu Chromium/68.0.3440.106 Chrome/68.0.3440.106 Safari/537.36\"\n","timestamp":"2018-09-20T13:51:51.643Z"}
{"level":"info","message":"::1 - - [20/Sep/2018:13:51:56 +0000] \"POST /neuralZome/contactus HTTP/1.1\" 200 384 \"http://localhost:4200/\" \"Mozilla/5.0 (X11; Linux x86_64) AppleWebKit/537.36 (KHTML, like Gecko) Ubuntu Chromium/68.0.3440.106 Chrome/68.0.3440.106 Safari/537.36\"\n","timestamp":"2018-09-20T13:51:56.829Z"}
{"level":"info","message":"::1 - - [20/Sep/2018:13:53:20 +0000] \"OPTIONS /neuralZome/contactus HTTP/1.1\" 200 2 \"-\" \"Mozilla/5.0 (X11; Linux x86_64) AppleWebKit/537.36 (KHTML, like Gecko) Ubuntu Chromium/68.0.3440.106 Chrome/68.0.3440.106 Safari/537.36\"\n","timestamp":"2018-09-20T13:53:20.365Z"}
{"level":"info","message":"::1 - - [20/Sep/2018:13:53:23 +0000] \"POST /neuralZome/contactus HTTP/1.1\" 200 441 \"http://localhost:4200/\" \"Mozilla/5.0 (X11; Linux x86_64) AppleWebKit/537.36 (KHTML, like Gecko) Ubuntu Chromium/68.0.3440.106 Chrome/68.0.3440.106 Safari/537.36\"\n","timestamp":"2018-09-20T13:53:23.336Z"}
{"level":"info","message":"::1 - - [20/Sep/2018:13:57:46 +0000] \"POST /neuralZome/getDetailsForStep2 HTTP/1.1\" 200 6796 \"http://localhost:4200/\" \"Mozilla/5.0 (X11; Linux x86_64) AppleWebKit/537.36 (KHTML, like Gecko) Ubuntu Chromium/68.0.3440.106 Chrome/68.0.3440.106 Safari/537.36\"\n","timestamp":"2018-09-20T13:57:46.575Z"}
{"level":"info","message":"::1 - - [20/Sep/2018:14:19:51 +0000] \"POST /neuralZome/getDetailsForStep2 HTTP/1.1\" 200 6802 \"http://localhost:4200/\" \"Mozilla/5.0 (X11; Linux x86_64) AppleWebKit/537.36 (KHTML, like Gecko) Ubuntu Chromium/68.0.3440.106 Chrome/68.0.3440.106 Safari/537.36\"\n","timestamp":"2018-09-20T14:19:51.541Z"}
